[debug] [2019-10-16T02:50:06.505Z] ----------------------------------------------------------------------
[debug] [2019-10-16T02:50:06.508Z] Command:       C:\Program Files\nodejs\node.exe C:\Users\gabri\AppData\Roaming\npm\node_modules\firebase-tools\lib\bin\firebase.js serve
[debug] [2019-10-16T02:50:06.509Z] CLI Version:   7.6.0
[debug] [2019-10-16T02:50:06.509Z] Platform:      win32
[debug] [2019-10-16T02:50:06.509Z] Node Version:  v10.16.3
[debug] [2019-10-16T02:50:06.510Z] Time:          Tue Oct 15 2019 23:50:06 GMT-0300 (GMT-03:00)
[debug] [2019-10-16T02:50:06.510Z] ----------------------------------------------------------------------
[debug] 
[debug] [2019-10-16T02:50:06.525Z] > command requires scopes: ["email","openid","https://www.googleapis.com/auth/cloudplatformprojects.readonly","https://www.googleapis.com/auth/firebase","https://www.googleapis.com/auth/cloud-platform"]
[debug] [2019-10-16T02:50:06.526Z] > authorizing via signed-in user
[debug] [2019-10-16T02:50:06.526Z] [iam] checking project crud-d485e for permissions ["firebase.projects.get"]
[debug] [2019-10-16T02:50:06.529Z] >>> HTTP REQUEST POST https://cloudresourcemanager.googleapis.com/v1/projects/crud-d485e:testIamPermissions  

[debug] [2019-10-16T02:50:07.739Z] <<< HTTP RESPONSE 200
[debug] [2019-10-16T02:50:07.742Z] >>> HTTP REQUEST GET https://firebase.googleapis.com/v1beta1/projects/crud-d485e  
 
[debug] [2019-10-16T02:50:09.083Z] <<< HTTP RESPONSE 200
[info] 
[info] === Serving from 'C:\Users\gabri\Desktop\CRUD'...
[info] 
[debug] [2019-10-16T02:50:09.094Z] >>> HTTP REQUEST GET https://firebase.googleapis.com/v1beta1/projects/crud-d485e/webApps/-/config  
 
[debug] [2019-10-16T02:50:10.444Z] <<< HTTP RESPONSE 200
[info] i  hosting: Serving hosting files from: public
[info] +  hosting: Local server: http://localhost:5000
[warn] !  Your requested "node" version "8" doesn't match your global version "10"
[info] +  functions: Emulator started at http://localhost:5001
[info] i  functions: Watching "C:\Users\gabri\Desktop\CRUD\functions" for Cloud Functions...
[debug] [2019-10-16T02:50:12.448Z] [runtime-status] Functions runtime initialized. {"cwd":"C:\\Users\\gabri\\Desktop\\CRUD\\functions","node_version":"10.16.3"}
[debug] [2019-10-16T02:50:12.448Z] [runtime-status] Disabled runtime features: {"functions_config_helper":true,"network_filtering":true,"timeout":true,"memory_limiting":true,"admin_stubs":true} {}
[debug] [2019-10-16T02:50:12.454Z] [runtime-status] Resolved module firebase-admin {"declared":true,"installed":true,"version":"8.6.0","resolution":"C:\\Users\\gabri\\Desktop\\CRUD\\functions\\node_modules\\firebase-admin\\lib\\index.js"}
[debug] [2019-10-16T02:50:12.459Z] [runtime-status] Resolved module firebase-functions {"declared":true,"installed":true,"version":"3.3.0","resolution":"C:\\Users\\gabri\\Desktop\\CRUD\\functions\\node_modules\\firebase-functions\\lib\\index.js"}
[debug] [2019-10-16T02:50:12.460Z] [runtime-status] Resolved module firebase-functions {"declared":true,"installed":true,"version":"3.3.0","resolution":"C:\\Users\\gabri\\Desktop\\CRUD\\functions\\node_modules\\firebase-functions\\lib\\index.js"}
[warn] !  Error: Cannot find module 'C:\Users\gabri\Desktop\CRUD\functions'
    at Function.Module._resolveFilename (internal/modules/cjs/loader.js:636:15)
    at Function.Module._load (internal/modules/cjs/loader.js:562:25)
    at Module.require (internal/modules/cjs/loader.js:692:17)
    at require (internal/modules/cjs/helpers.js:25:18)
    at C:\Users\gabri\AppData\Roaming\npm\node_modules\firebase-tools\lib\emulator\functionsEmulatorRuntime.js:677:33
    at Generator.next (<anonymous>)
    at fulfilled (C:\Users\gabri\AppData\Roaming\npm\node_modules\firebase-tools\lib\emulator\functionsEmulatorRuntime.js:4:58)
    at process._tickCallback (internal/process/next_tick.js:68:7)
    at Function.Module.runMain (internal/modules/cjs/loader.js:834:11)
    at startup (internal/bootstrap/node.js:283:19)
[warn] !  We were unable to load your functions code. (see above)
   - It appears your code is written in Typescript, which must be compiled before emulation.
   - You may be able to run "npm run build" in your functions directory to resolve this.
